Using pre-set license
Built from '2020.3/release' branch; Version is '2020.3.12f1 (b3b2c6512326) revision 11776710'; Using compiler version '192528614'; Build Type 'Release'
OS: 'Windows 10 Pro; OS build 19044.2846; Version 2009; 64bit' Language: 'en' Physical Memory: 7989 MB
BatchMode: 1, IsHumanControllingUs: 0, StartBugReporterOnCrash: 0, Is64bit: 1, IsPro: 0

 COMMAND LINE ARGUMENTS:
C:\Program Files\Unity\Hub\Editor\2020.3.12f1\Editor\Unity.exe
-adb2
-batchMode
-noUpm
-name
AssetImportWorker0
-projectPath
C:/Users/Ninja33/Documents/GitHub/DroppingBombs2/BS - Dropping Bombs 2
-logFile
Logs/AssetImportWorker0.log
-srvPort
60570
Successfully changed project path to: C:/Users/Ninja33/Documents/GitHub/DroppingBombs2/BS - Dropping Bombs 2
C:/Users/Ninja33/Documents/GitHub/DroppingBombs2/BS - Dropping Bombs 2
Using Asset Import Pipeline V2.
Refreshing native plugins compatible for Editor in 107.49 ms, found 2 plugins.
Preloading 0 native plugins for Editor in 0.00 ms.
Initialize engine version: 2020.3.12f1 (b3b2c6512326)
[Subsystems] Discovering subsystems at path C:/Program Files/Unity/Hub/Editor/2020.3.12f1/Editor/Data/Resources/UnitySubsystems
[Subsystems] Discovering subsystems at path C:/Users/Ninja33/Documents/GitHub/DroppingBombs2/BS - Dropping Bombs 2/Assets
GfxDevice: creating device client; threaded=0
Direct3D:
    Version:  Direct3D 11.0 [level 10.0]
    Renderer: Intel(R) HD Graphics (ID=0x46)
    Vendor:   
    VRAM:     128 MB
    Driver:   8.15.10.2900
Initialize mono
Mono path[0] = 'C:/Program Files/Unity/Hub/Editor/2020.3.12f1/Editor/Data/Managed'
Mono path[1] = 'C:/Program Files/Unity/Hub/Editor/2020.3.12f1/Editor/Data/MonoBleedingEdge/lib/mono/unityjit'
Mono config path = 'C:/Program Files/Unity/Hub/Editor/2020.3.12f1/Editor/Data/MonoBleedingEdge/etc'
Using monoOptions --debugger-agent=transport=dt_socket,embedding=1,server=y,suspend=n,address=127.0.0.1:56924
Begin MonoManager ReloadAssembly
Registering precompiled unity dll's ...
Register platform support module: C:/Program Files/Unity/Hub/Editor/2020.3.12f1/Editor/Data/PlaybackEngines/WindowsStandaloneSupport/UnityEditor.WindowsStandalone.Extensions.dll
Registered in 0.006124 seconds.
Native extension for WindowsStandalone target not found
Refreshing native plugins compatible for Editor in 95.15 ms, found 2 plugins.
Preloading 0 native plugins for Editor in 0.00 ms.
Mono: successfully reloaded assembly
- Completed reload, in  3.311 seconds
Platform modules already initialized, skipping
Registering precompiled user dll's ...
Registered in 0.016231 seconds.
Begin MonoManager ReloadAssembly
Native extension for WindowsStandalone target not found
Refreshing native plugins compatible for Editor in 0.87 ms, found 2 plugins.
Preloading 0 native plugins for Editor in 0.00 ms.
Mono: successfully reloaded assembly
- Completed reload, in  3.219 seconds
Platform modules already initialized, skipping
========================================================================
Worker process is ready to serve import requests
Launched and connected shader compiler UnityShaderCompiler.exe after 0.12 seconds
Refreshing native plugins compatible for Editor in 0.92 ms, found 2 plugins.
Preloading 0 native plugins for Editor in 0.00 ms.
Unloading 1394 Unused Serialized files (Serialized files now loaded: 0)
System memory in use before: 65.3 MB.
System memory in use after: 65.3 MB.

Unloading 19 unused Assets to reduce memory usage. Loaded Objects now: 1829.
Total: 6.711200 ms (FindLiveObjects: 0.615300 ms CreateObjectMapping: 0.134800 ms MarkObjects: 5.763800 ms  DeleteObjects: 0.193300 ms)

AssetImportParameters requested are different than current active one (requested -> active):
  custom:framework-win-MediaFoundation: 216162199b28c13a410421893ffa2e32 -> 
  custom:video-decoder-ogg-theora: a1e56fd34408186e4bbccfd4996cb3dc -> 
  custom:container-muxer-webm: aa71ff27fc2769a1b78a27578f13a17b -> 
  custom:container-demuxer-webm: 4f35f7cbe854078d1ac9338744f61a02 -> 
  custom:container-demuxer-ogg: 62fdf1f143b41e24485cea50d1cbac27 -> 
  custom:video-encoder-webm-vp8: eb34c28f22e8b96e1ab97ce403110664 -> 
  custom:video-decoder-webm-vp8: 9c59270c3fd7afecdb556c50c9e8de78 -> 
  custom:audio-decoder-ogg-vorbis: bf7c407c2cedff20999df2af8eb42d56 -> 
  custom:audio-encoder-webm-vorbis: bf7c407c2cedff20999df2af8eb42d56 -> 
========================================================================
Received Import Request.
  path: Assets/Prefabs/Explosion.prefab
  artifactKey: Guid(8401c7555d12e3d4f9adf5b5f0452061) Importer(815301076,1909f56bfc062723c751e8b465ee728b)
Start importing Assets/Prefabs/Explosion.prefab using Guid(8401c7555d12e3d4f9adf5b5f0452061) Importer(815301076,1909f56bfc062723c751e8b465ee728b)  -> (artifact id: '579737917f656ac9e47e7b9438a780ca') in 0.231724 seconds 
  Import took 0.241636 seconds .

========================================================================
Received Import Request.
  Time since last request: 0.000523 seconds.
  path: Assets/Prefabs/Rocket.prefab
  artifactKey: Guid(82169fb5eac75114e9dae4d2dd916e6f) Importer(815301076,1909f56bfc062723c751e8b465ee728b)
Start importing Assets/Prefabs/Rocket.prefab using Guid(82169fb5eac75114e9dae4d2dd916e6f) Importer(815301076,1909f56bfc062723c751e8b465ee728b)  -> (artifact id: 'e486147d52fb299d6522c40af34b7aa8') in 0.418496 seconds 
  Import took 0.438761 seconds .

========================================================================
Received Import Request.
  Time since last request: 22.100349 seconds.
  path: Assets/Prefabs/Explosion.prefab
  artifactKey: Guid(8401c7555d12e3d4f9adf5b5f0452061) Importer(815301076,1909f56bfc062723c751e8b465ee728b)
Start importing Assets/Prefabs/Explosion.prefab using Guid(8401c7555d12e3d4f9adf5b5f0452061) Importer(815301076,1909f56bfc062723c751e8b465ee728b)  -> (artifact id: 'c412a61bf28eb05555b0b5716b7ea1c9') in 0.012815 seconds 
  Import took 0.018823 seconds .

========================================================================
Received Import Request.
  Time since last request: 0.000425 seconds.
  path: Assets/Prefabs/Rocket.prefab
  artifactKey: Guid(82169fb5eac75114e9dae4d2dd916e6f) Importer(815301076,1909f56bfc062723c751e8b465ee728b)
Start importing Assets/Prefabs/Rocket.prefab using Guid(82169fb5eac75114e9dae4d2dd916e6f) Importer(815301076,1909f56bfc062723c751e8b465ee728b)  -> (artifact id: 'f3e98e28f74688e3955bba4ba79338b0') in 0.033073 seconds 
  Import took 0.038729 seconds .

========================================================================
Received Import Request.
  Time since last request: 15.118150 seconds.
  path: Assets/Prefabs/Explosion.prefab
  artifactKey: Guid(8401c7555d12e3d4f9adf5b5f0452061) Importer(815301076,1909f56bfc062723c751e8b465ee728b)
Start importing Assets/Prefabs/Explosion.prefab using Guid(8401c7555d12e3d4f9adf5b5f0452061) Importer(815301076,1909f56bfc062723c751e8b465ee728b)  -> (artifact id: '626a56de627858a97a0dcefe4036f75b') in 0.012647 seconds 
  Import took 0.018132 seconds .

========================================================================
Received Import Request.
  Time since last request: 0.000609 seconds.
  path: Assets/Prefabs/Rocket.prefab
  artifactKey: Guid(82169fb5eac75114e9dae4d2dd916e6f) Importer(815301076,1909f56bfc062723c751e8b465ee728b)
Start importing Assets/Prefabs/Rocket.prefab using Guid(82169fb5eac75114e9dae4d2dd916e6f) Importer(815301076,1909f56bfc062723c751e8b465ee728b)  -> (artifact id: '4aa7da4f8bf636c17e1db8ab860b2338') in 0.053782 seconds 
  Import took 0.062076 seconds .

========================================================================
Received Import Request.
  Time since last request: 13.577312 seconds.
  path: Assets/Prefabs/Explosion.prefab
  artifactKey: Guid(8401c7555d12e3d4f9adf5b5f0452061) Importer(815301076,1909f56bfc062723c751e8b465ee728b)
Start importing Assets/Prefabs/Explosion.prefab using Guid(8401c7555d12e3d4f9adf5b5f0452061) Importer(815301076,1909f56bfc062723c751e8b465ee728b)  -> (artifact id: 'e511a47b27066990411da3484905d2d0') in 0.013100 seconds 
  Import took 0.019351 seconds .

========================================================================
Received Import Request.
  Time since last request: 0.000418 seconds.
  path: Assets/Prefabs/Rocket.prefab
  artifactKey: Guid(82169fb5eac75114e9dae4d2dd916e6f) Importer(815301076,1909f56bfc062723c751e8b465ee728b)
Start importing Assets/Prefabs/Rocket.prefab using Guid(82169fb5eac75114e9dae4d2dd916e6f) Importer(815301076,1909f56bfc062723c751e8b465ee728b)  -> (artifact id: 'cbbeba483a05b76d603b58d11918b91f') in 0.049753 seconds 
  Import took 0.056138 seconds .

========================================================================
Received Import Request.
  Time since last request: 41.895265 seconds.
  path: Assets/Prefabs/Explosion.prefab
  artifactKey: Guid(8401c7555d12e3d4f9adf5b5f0452061) Importer(815301076,1909f56bfc062723c751e8b465ee728b)
Start importing Assets/Prefabs/Explosion.prefab using Guid(8401c7555d12e3d4f9adf5b5f0452061) Importer(815301076,1909f56bfc062723c751e8b465ee728b)  -> (artifact id: 'bf5d735491fa106cb13b80377cc7fd9c') in 0.013294 seconds 
  Import took 0.019489 seconds .

========================================================================
Received Import Request.
  Time since last request: 0.000470 seconds.
  path: Assets/Prefabs/Rocket.prefab
  artifactKey: Guid(82169fb5eac75114e9dae4d2dd916e6f) Importer(815301076,1909f56bfc062723c751e8b465ee728b)
Start importing Assets/Prefabs/Rocket.prefab using Guid(82169fb5eac75114e9dae4d2dd916e6f) Importer(815301076,1909f56bfc062723c751e8b465ee728b)  -> (artifact id: '39adc9bf0634ac31db3e683517090669') in 0.057471 seconds 
  Import took 0.064759 seconds .

========================================================================
Received Import Request.
  Time since last request: 2.211811 seconds.
  path: Assets/Prefabs/Explosion.prefab
  artifactKey: Guid(8401c7555d12e3d4f9adf5b5f0452061) Importer(815301076,1909f56bfc062723c751e8b465ee728b)
Start importing Assets/Prefabs/Explosion.prefab using Guid(8401c7555d12e3d4f9adf5b5f0452061) Importer(815301076,1909f56bfc062723c751e8b465ee728b)  -> (artifact id: '4553672ac4068ba10374257bf0f1f881') in 0.013737 seconds 
  Import took 0.019534 seconds .

========================================================================
Received Import Request.
  Time since last request: 0.000399 seconds.
  path: Assets/Prefabs/Rocket.prefab
  artifactKey: Guid(82169fb5eac75114e9dae4d2dd916e6f) Importer(815301076,1909f56bfc062723c751e8b465ee728b)
Start importing Assets/Prefabs/Rocket.prefab using Guid(82169fb5eac75114e9dae4d2dd916e6f) Importer(815301076,1909f56bfc062723c751e8b465ee728b)  -> (artifact id: '7537336a700fb054e551077c56dd93b9') in 0.053972 seconds 
  Import took 0.063764 seconds .

========================================================================
Received Import Request.
  Time since last request: 69.284736 seconds.
  path: Assets/Prefabs/Explosion.prefab
  artifactKey: Guid(8401c7555d12e3d4f9adf5b5f0452061) Importer(815301076,1909f56bfc062723c751e8b465ee728b)
Start importing Assets/Prefabs/Explosion.prefab using Guid(8401c7555d12e3d4f9adf5b5f0452061) Importer(815301076,1909f56bfc062723c751e8b465ee728b)  -> (artifact id: 'c1ba92154d8f24d24c938fa12e4a351a') in 0.011879 seconds 
  Import took 0.018522 seconds .

========================================================================
Received Import Request.
  Time since last request: 0.000423 seconds.
  path: Assets/Prefabs/Rocket.prefab
  artifactKey: Guid(82169fb5eac75114e9dae4d2dd916e6f) Importer(815301076,1909f56bfc062723c751e8b465ee728b)
Start importing Assets/Prefabs/Rocket.prefab using Guid(82169fb5eac75114e9dae4d2dd916e6f) Importer(815301076,1909f56bfc062723c751e8b465ee728b)  -> (artifact id: '0af2f4e98b86a7297f7d6fe9c31cdc79') in 0.040944 seconds 
  Import took 0.048963 seconds .

========================================================================
Received Import Request.
  Time since last request: 2.954832 seconds.
  path: Assets/Prefabs/Explosion.prefab
  artifactKey: Guid(8401c7555d12e3d4f9adf5b5f0452061) Importer(815301076,1909f56bfc062723c751e8b465ee728b)
Start importing Assets/Prefabs/Explosion.prefab using Guid(8401c7555d12e3d4f9adf5b5f0452061) Importer(815301076,1909f56bfc062723c751e8b465ee728b)  -> (artifact id: '97198a168f295fbb18f53d2b971dd89d') in 0.013762 seconds 
  Import took 0.019932 seconds .

========================================================================
Received Import Request.
  Time since last request: 0.000591 seconds.
  path: Assets/Prefabs/Rocket.prefab
  artifactKey: Guid(82169fb5eac75114e9dae4d2dd916e6f) Importer(815301076,1909f56bfc062723c751e8b465ee728b)
Start importing Assets/Prefabs/Rocket.prefab using Guid(82169fb5eac75114e9dae4d2dd916e6f) Importer(815301076,1909f56bfc062723c751e8b465ee728b)  -> (artifact id: 'd2bc31f47aeeca84dd13f67b3941aaf4') in 0.058823 seconds 
  Import took 0.067162 seconds .

========================================================================
Received Import Request.
  Time since last request: 1.811891 seconds.
  path: Assets/Prefabs/Explosion.prefab
  artifactKey: Guid(8401c7555d12e3d4f9adf5b5f0452061) Importer(815301076,1909f56bfc062723c751e8b465ee728b)
Start importing Assets/Prefabs/Explosion.prefab using Guid(8401c7555d12e3d4f9adf5b5f0452061) Importer(815301076,1909f56bfc062723c751e8b465ee728b)  -> (artifact id: 'ad267762447d38a84ca29a8e38ff2d68') in 0.014642 seconds 
  Import took 0.020137 seconds .

========================================================================
Received Import Request.
  Time since last request: 0.000411 seconds.
  path: Assets/Prefabs/Rocket.prefab
  artifactKey: Guid(82169fb5eac75114e9dae4d2dd916e6f) Importer(815301076,1909f56bfc062723c751e8b465ee728b)
Start importing Assets/Prefabs/Rocket.prefab using Guid(82169fb5eac75114e9dae4d2dd916e6f) Importer(815301076,1909f56bfc062723c751e8b465ee728b)  -> (artifact id: 'eaa02c38bfad27bce5b0aca6e6239bba') in 0.052608 seconds 
  Import took 0.060859 seconds .

========================================================================
Received Import Request.
  Time since last request: 3.955847 seconds.
  path: Assets/Prefabs/Explosion.prefab
  artifactKey: Guid(8401c7555d12e3d4f9adf5b5f0452061) Importer(815301076,1909f56bfc062723c751e8b465ee728b)
Start importing Assets/Prefabs/Explosion.prefab using Guid(8401c7555d12e3d4f9adf5b5f0452061) Importer(815301076,1909f56bfc062723c751e8b465ee728b)  -> (artifact id: 'ae7a89a49b08ae178d2d35a2ee6bf570') in 0.010665 seconds 
  Import took 0.018380 seconds .

========================================================================
Received Import Request.
  Time since last request: 0.000490 seconds.
  path: Assets/Prefabs/Rocket.prefab
  artifactKey: Guid(82169fb5eac75114e9dae4d2dd916e6f) Importer(815301076,1909f56bfc062723c751e8b465ee728b)
Start importing Assets/Prefabs/Rocket.prefab using Guid(82169fb5eac75114e9dae4d2dd916e6f) Importer(815301076,1909f56bfc062723c751e8b465ee728b)  -> (artifact id: '8bdde25ec27ee2102e61548585a6a710') in 0.033703 seconds 
  Import took 0.040888 seconds .

========================================================================
Received Import Request.
  Time since last request: 9.943361 seconds.
  path: Assets/Prefabs/Explosion.prefab
  artifactKey: Guid(8401c7555d12e3d4f9adf5b5f0452061) Importer(815301076,1909f56bfc062723c751e8b465ee728b)
Start importing Assets/Prefabs/Explosion.prefab using Guid(8401c7555d12e3d4f9adf5b5f0452061) Importer(815301076,1909f56bfc062723c751e8b465ee728b)  -> (artifact id: 'dd017d05d61175def20e01140c7315d3') in 0.013573 seconds 
  Import took 0.021405 seconds .

========================================================================
Received Import Request.
  Time since last request: 0.000441 seconds.
  path: Assets/Prefabs/Rocket.prefab
  artifactKey: Guid(82169fb5eac75114e9dae4d2dd916e6f) Importer(815301076,1909f56bfc062723c751e8b465ee728b)
Start importing Assets/Prefabs/Rocket.prefab using Guid(82169fb5eac75114e9dae4d2dd916e6f) Importer(815301076,1909f56bfc062723c751e8b465ee728b)  -> (artifact id: '5f609b26ddac876468a73d9c263e0fae') in 0.219144 seconds 
  Import took 0.268375 seconds .

========================================================================
Received Import Request.
  Time since last request: 54.899964 seconds.
  path: Assets/Prefabs/Explosion.prefab
  artifactKey: Guid(8401c7555d12e3d4f9adf5b5f0452061) Importer(815301076,1909f56bfc062723c751e8b465ee728b)
Start importing Assets/Prefabs/Explosion.prefab using Guid(8401c7555d12e3d4f9adf5b5f0452061) Importer(815301076,1909f56bfc062723c751e8b465ee728b)  -> (artifact id: '81c281557a797cf44af7fe3028b85ac2') in 0.032814 seconds 
  Import took 0.040737 seconds .

========================================================================
Received Import Request.
  Time since last request: 0.000433 seconds.
  path: Assets/Prefabs/Rocket.prefab
  artifactKey: Guid(82169fb5eac75114e9dae4d2dd916e6f) Importer(815301076,1909f56bfc062723c751e8b465ee728b)
Start importing Assets/Prefabs/Rocket.prefab using Guid(82169fb5eac75114e9dae4d2dd916e6f) Importer(815301076,1909f56bfc062723c751e8b465ee728b)  -> (artifact id: 'ce26d013e59a6c0428eaeb3a04d3e3b2') in 0.064361 seconds 
  Import took 0.071717 seconds .

========================================================================
Received Import Request.
  Time since last request: 4.610466 seconds.
  path: Assets/Prefabs/Explosion.prefab
  artifactKey: Guid(8401c7555d12e3d4f9adf5b5f0452061) Importer(815301076,1909f56bfc062723c751e8b465ee728b)
Start importing Assets/Prefabs/Explosion.prefab using Guid(8401c7555d12e3d4f9adf5b5f0452061) Importer(815301076,1909f56bfc062723c751e8b465ee728b)  -> (artifact id: '77eb65d8240cace0d117dbd574c8029b') in 0.016336 seconds 
  Import took 0.023438 seconds .

========================================================================
Received Import Request.
  Time since last request: 0.000500 seconds.
  path: Assets/Prefabs/Rocket.prefab
  artifactKey: Guid(82169fb5eac75114e9dae4d2dd916e6f) Importer(815301076,1909f56bfc062723c751e8b465ee728b)
Start importing Assets/Prefabs/Rocket.prefab using Guid(82169fb5eac75114e9dae4d2dd916e6f) Importer(815301076,1909f56bfc062723c751e8b465ee728b)  -> (artifact id: 'f9d19f31708d0ca012f54d6e5c598aa4') in 0.057825 seconds 
  Import took 0.064800 seconds .

========================================================================
Received Import Request.
  Time since last request: 16.453617 seconds.
  path: Assets/Prefabs/Explosion.prefab
  artifactKey: Guid(8401c7555d12e3d4f9adf5b5f0452061) Importer(815301076,1909f56bfc062723c751e8b465ee728b)
Start importing Assets/Prefabs/Explosion.prefab using Guid(8401c7555d12e3d4f9adf5b5f0452061) Importer(815301076,1909f56bfc062723c751e8b465ee728b)  -> (artifact id: '64adb4980f360c6fef846bbdf7c6eda0') in 0.012615 seconds 
  Import took 0.019114 seconds .

========================================================================
Received Import Request.
  Time since last request: 0.000414 seconds.
  path: Assets/Prefabs/Rocket.prefab
  artifactKey: Guid(82169fb5eac75114e9dae4d2dd916e6f) Importer(815301076,1909f56bfc062723c751e8b465ee728b)
Start importing Assets/Prefabs/Rocket.prefab using Guid(82169fb5eac75114e9dae4d2dd916e6f) Importer(815301076,1909f56bfc062723c751e8b465ee728b)  -> (artifact id: 'c7cd527f9c6d5a403202bdead77e2bb8') in 0.060593 seconds 
  Import took 0.068300 seconds .

========================================================================
Received Import Request.
  Time since last request: 0.008646 seconds.
  path: Assets/Prefabs/Explosion.prefab
  artifactKey: Guid(8401c7555d12e3d4f9adf5b5f0452061) Importer(815301076,1909f56bfc062723c751e8b465ee728b)
Start importing Assets/Prefabs/Explosion.prefab using Guid(8401c7555d12e3d4f9adf5b5f0452061) Importer(815301076,1909f56bfc062723c751e8b465ee728b)  -> (artifact id: '64adb4980f360c6fef846bbdf7c6eda0') in 0.020900 seconds 
  Import took 0.027869 seconds .

========================================================================
Received Import Request.
  Time since last request: 5.612880 seconds.
  path: Assets/Prefabs/Explosion.prefab
  artifactKey: Guid(8401c7555d12e3d4f9adf5b5f0452061) Importer(815301076,1909f56bfc062723c751e8b465ee728b)
Start importing Assets/Prefabs/Explosion.prefab using Guid(8401c7555d12e3d4f9adf5b5f0452061) Importer(815301076,1909f56bfc062723c751e8b465ee728b)  -> (artifact id: 'c3d8724728524ff4e951cfa3d4c2a6e1') in 0.014106 seconds 
  Import took 0.020165 seconds .

========================================================================
Received Import Request.
  Time since last request: 0.000460 seconds.
  path: Assets/Prefabs/Rocket.prefab
  artifactKey: Guid(82169fb5eac75114e9dae4d2dd916e6f) Importer(815301076,1909f56bfc062723c751e8b465ee728b)
Start importing Assets/Prefabs/Rocket.prefab using Guid(82169fb5eac75114e9dae4d2dd916e6f) Importer(815301076,1909f56bfc062723c751e8b465ee728b)  -> (artifact id: 'c4298ce9b88565a31f1e7862ccd638b4') in 0.057437 seconds 
  Import took 0.067756 seconds .

========================================================================
Received Import Request.
  Time since last request: 10.553532 seconds.
  path: Assets/Prefabs/Explosion.prefab
  artifactKey: Guid(8401c7555d12e3d4f9adf5b5f0452061) Importer(815301076,1909f56bfc062723c751e8b465ee728b)
Start importing Assets/Prefabs/Explosion.prefab using Guid(8401c7555d12e3d4f9adf5b5f0452061) Importer(815301076,1909f56bfc062723c751e8b465ee728b)  -> (artifact id: '555b173fbedf631e182a12fcf561139c') in 0.014083 seconds 
  Import took 0.020675 seconds .

========================================================================
Received Import Request.
  Time since last request: 0.000431 seconds.
  path: Assets/Prefabs/Rocket.prefab
  artifactKey: Guid(82169fb5eac75114e9dae4d2dd916e6f) Importer(815301076,1909f56bfc062723c751e8b465ee728b)
Start importing Assets/Prefabs/Rocket.prefab using Guid(82169fb5eac75114e9dae4d2dd916e6f) Importer(815301076,1909f56bfc062723c751e8b465ee728b)  -> (artifact id: 'e4425736a160635fe3e7897bc9eb4756') in 0.054856 seconds 
  Import took 0.061590 seconds .

========================================================================
Received Import Request.
  Time since last request: 86.393433 seconds.
  path: Assets/Artwork/debrisParticle.png
  artifactKey: Guid(0973ab342e6ed714190323719c614d41) Importer(815301076,1909f56bfc062723c751e8b465ee728b)
Start importing Assets/Artwork/debrisParticle.png using Guid(0973ab342e6ed714190323719c614d41) Importer(815301076,1909f56bfc062723c751e8b465ee728b)  -> (artifact id: 'd3c0f28c66ff2c091ab932b367f24121') in 0.130931 seconds 
  Import took 0.137742 seconds .

========================================================================
Received Import Request.
  Time since last request: 0.049440 seconds.
  path: Assets/Artwork/debrisParticle.png
  artifactKey: Guid(0973ab342e6ed714190323719c614d41) Importer(815301076,1909f56bfc062723c751e8b465ee728b)
Start importing Assets/Artwork/debrisParticle.png using Guid(0973ab342e6ed714190323719c614d41) Importer(815301076,1909f56bfc062723c751e8b465ee728b)  -> (artifact id: 'd3c0f28c66ff2c091ab932b367f24121') in 0.025011 seconds 
  Import took 0.030124 seconds .

========================================================================
Received Import Request.
  Time since last request: 41.540800 seconds.
  path: Assets/Materials/Flame.psd
  artifactKey: Guid(b260cbc8d9bc048bd8834c7a1b5aed36) Importer(815301076,1909f56bfc062723c751e8b465ee728b)
Start importing Assets/Materials/Flame.psd using Guid(b260cbc8d9bc048bd8834c7a1b5aed36) Importer(815301076,1909f56bfc062723c751e8b465ee728b)  -> (artifact id: 'b5d007bb9448c1c7d17596d64bb67573') in 0.045584 seconds 
  Import took 0.053473 seconds .

========================================================================
Received Import Request.
  Time since last request: 8.098935 seconds.
  path: Assets/Artwork/debrisParticle.png
  artifactKey: Guid(0973ab342e6ed714190323719c614d41) Importer(815301076,1909f56bfc062723c751e8b465ee728b)
Start importing Assets/Artwork/debrisParticle.png using Guid(0973ab342e6ed714190323719c614d41) Importer(815301076,1909f56bfc062723c751e8b465ee728b)  -> (artifact id: 'be22362b889ac1ec76e698c6765f497c') in 0.070662 seconds 
  Import took 0.076816 seconds .

========================================================================
Received Import Request.
  Time since last request: 23.788243 seconds.
  path: Assets/Materials/New Material.mat
  artifactKey: Guid(da8a2c2620252eb44a698be3267f622a) Importer(815301076,1909f56bfc062723c751e8b465ee728b)
Start importing Assets/Materials/New Material.mat using Guid(da8a2c2620252eb44a698be3267f622a) Importer(815301076,1909f56bfc062723c751e8b465ee728b)  -> (artifact id: '1ed8b1d249175e36178daca06c5fdca1') in 0.096712 seconds 
  Import took 0.103466 seconds .

========================================================================
Received Import Request.
  Time since last request: 36.160634 seconds.
  path: Assets/Materials/Debris.mat
  artifactKey: Guid(da8a2c2620252eb44a698be3267f622a) Importer(815301076,1909f56bfc062723c751e8b465ee728b)
Start importing Assets/Materials/Debris.mat using Guid(da8a2c2620252eb44a698be3267f622a) Importer(815301076,1909f56bfc062723c751e8b465ee728b)  -> (artifact id: '7d9dca7d990d441e99c745bcf485f126') in 0.042833 seconds 
  Import took 0.048260 seconds .

========================================================================
Received Import Request.
  Time since last request: 769.158027 seconds.
  path: Assets/Prefabs/Explosion.prefab
  artifactKey: Guid(8401c7555d12e3d4f9adf5b5f0452061) Importer(815301076,1909f56bfc062723c751e8b465ee728b)
Start importing Assets/Prefabs/Explosion.prefab using Guid(8401c7555d12e3d4f9adf5b5f0452061) Importer(815301076,1909f56bfc062723c751e8b465ee728b)  -> (artifact id: 'da9bf8963e3afc6e9fcb725ca58d0037') in 0.011152 seconds 
  Import took 0.018251 seconds .

========================================================================
Received Import Request.
  Time since last request: 0.000478 seconds.
  path: Assets/Prefabs/Rocket.prefab
  artifactKey: Guid(82169fb5eac75114e9dae4d2dd916e6f) Importer(815301076,1909f56bfc062723c751e8b465ee728b)
Start importing Assets/Prefabs/Rocket.prefab using Guid(82169fb5eac75114e9dae4d2dd916e6f) Importer(815301076,1909f56bfc062723c751e8b465ee728b)  -> (artifact id: '0fce1a55d17947e935ef479c8e3d8567') in 0.067307 seconds 
  Import took 0.074472 seconds .

========================================================================
Received Prepare
Registering precompiled user dll's ...
Registered in 0.013076 seconds.
Begin MonoManager ReloadAssembly
Native extension for WindowsStandalone target not found
Refreshing native plugins compatible for Editor in 1.02 ms, found 2 plugins.
Preloading 0 native plugins for Editor in 0.00 ms.
Mono: successfully reloaded assembly
- Completed reload, in  4.645 seconds
Platform modules already initialized, skipping
Refreshing native plugins compatible for Editor in 0.75 ms, found 2 plugins.
Preloading 0 native plugins for Editor in 0.00 ms.
Unloading 1390 Unused Serialized files (Serialized files now loaded: 0)
System memory in use before: 68.7 MB.
System memory in use after: 68.8 MB.

Unloading 16 unused Assets to reduce memory usage. Loaded Objects now: 1876.
Total: 5.134100 ms (FindLiveObjects: 0.329400 ms CreateObjectMapping: 0.107700 ms MarkObjects: 4.469900 ms  DeleteObjects: 0.222600 ms)

AssetImportParameters requested are different than current active one (requested -> active):
  custom:framework-win-MediaFoundation: 216162199b28c13a410421893ffa2e32 -> 
  custom:video-decoder-ogg-theora: a1e56fd34408186e4bbccfd4996cb3dc -> 
  custom:container-muxer-webm: aa71ff27fc2769a1b78a27578f13a17b -> 
  custom:container-demuxer-webm: 4f35f7cbe854078d1ac9338744f61a02 -> 
  custom:container-demuxer-ogg: 62fdf1f143b41e24485cea50d1cbac27 -> 
  custom:video-encoder-webm-vp8: eb34c28f22e8b96e1ab97ce403110664 -> 
  custom:video-decoder-webm-vp8: 9c59270c3fd7afecdb556c50c9e8de78 -> 
  custom:audio-decoder-ogg-vorbis: bf7c407c2cedff20999df2af8eb42d56 -> 
  custom:audio-encoder-webm-vorbis: bf7c407c2cedff20999df2af8eb42d56 -> 
========================================================================
Received Import Request.
  Time since last request: 61.618146 seconds.
  path: Assets/Prefabs/Rocket.prefab
  artifactKey: Guid(82169fb5eac75114e9dae4d2dd916e6f) Importer(815301076,1909f56bfc062723c751e8b465ee728b)
Start importing Assets/Prefabs/Rocket.prefab using Guid(82169fb5eac75114e9dae4d2dd916e6f) Importer(815301076,1909f56bfc062723c751e8b465ee728b)  -> (artifact id: 'e59003b1747596cf7adb90279c490d6b') in 0.312033 seconds 
  Import took 0.323407 seconds .

========================================================================
Received Import Request.
  Time since last request: 0.001669 seconds.
  path: Assets/Prefabs/Rocket.prefab
  artifactKey: Guid(82169fb5eac75114e9dae4d2dd916e6f) Importer(815301076,1909f56bfc062723c751e8b465ee728b)
Start importing Assets/Prefabs/Rocket.prefab using Guid(82169fb5eac75114e9dae4d2dd916e6f) Importer(815301076,1909f56bfc062723c751e8b465ee728b)  -> (artifact id: 'e59003b1747596cf7adb90279c490d6b') in 0.045981 seconds 
  Import took 0.053664 seconds .

========================================================================
Received Prepare
Registering precompiled user dll's ...
Registered in 0.009839 seconds.
Begin MonoManager ReloadAssembly
Native extension for WindowsStandalone target not found
Refreshing native plugins compatible for Editor in 0.73 ms, found 2 plugins.
Preloading 0 native plugins for Editor in 0.00 ms.
Mono: successfully reloaded assembly
- Completed reload, in  2.409 seconds
Platform modules already initialized, skipping
Refreshing native plugins compatible for Editor in 4.33 ms, found 2 plugins.
Preloading 0 native plugins for Editor in 0.00 ms.
Unloading 1390 Unused Serialized files (Serialized files now loaded: 0)
System memory in use before: 68.8 MB.
System memory in use after: 68.9 MB.

Unloading 16 unused Assets to reduce memory usage. Loaded Objects now: 1880.
Total: 7.502900 ms (FindLiveObjects: 0.378500 ms CreateObjectMapping: 0.115500 ms MarkObjects: 6.821500 ms  DeleteObjects: 0.183200 ms)

AssetImportParameters requested are different than current active one (requested -> active):
  custom:framework-win-MediaFoundation: 216162199b28c13a410421893ffa2e32 -> 
  custom:video-decoder-ogg-theora: a1e56fd34408186e4bbccfd4996cb3dc -> 
  custom:container-muxer-webm: aa71ff27fc2769a1b78a27578f13a17b -> 
  custom:container-demuxer-webm: 4f35f7cbe854078d1ac9338744f61a02 -> 
  custom:container-demuxer-ogg: 62fdf1f143b41e24485cea50d1cbac27 -> 
  custom:video-encoder-webm-vp8: eb34c28f22e8b96e1ab97ce403110664 -> 
  custom:video-decoder-webm-vp8: 9c59270c3fd7afecdb556c50c9e8de78 -> 
  custom:audio-decoder-ogg-vorbis: bf7c407c2cedff20999df2af8eb42d56 -> 
  custom:audio-encoder-webm-vorbis: bf7c407c2cedff20999df2af8eb42d56 -> 
========================================================================
Received Import Request.
  Time since last request: 305.398322 seconds.
  path: Assets/Prefabs/Rocket.prefab
  artifactKey: Guid(82169fb5eac75114e9dae4d2dd916e6f) Importer(815301076,1909f56bfc062723c751e8b465ee728b)
Start importing Assets/Prefabs/Rocket.prefab using Guid(82169fb5eac75114e9dae4d2dd916e6f) Importer(815301076,1909f56bfc062723c751e8b465ee728b)  -> (artifact id: 'a8b0914ba1b1f622956d60de764d8bd7') in 0.366819 seconds 
  Import took 0.377126 seconds .

========================================================================
Received Import Request.
  Time since last request: 50.825938 seconds.
  path: Assets/Prefabs/Rocket.prefab
  artifactKey: Guid(82169fb5eac75114e9dae4d2dd916e6f) Importer(815301076,1909f56bfc062723c751e8b465ee728b)
Start importing Assets/Prefabs/Rocket.prefab using Guid(82169fb5eac75114e9dae4d2dd916e6f) Importer(815301076,1909f56bfc062723c751e8b465ee728b)  -> (artifact id: 'b99237e80779cf7c1a5dd6169b504d12') in 0.052922 seconds 
  Import took 0.061305 seconds .

========================================================================
Received Import Request.
  Time since last request: 0.057373 seconds.
  path: Assets/Prefabs/Rocket.prefab
  artifactKey: Guid(82169fb5eac75114e9dae4d2dd916e6f) Importer(815301076,1909f56bfc062723c751e8b465ee728b)
Start importing Assets/Prefabs/Rocket.prefab using Guid(82169fb5eac75114e9dae4d2dd916e6f) Importer(815301076,1909f56bfc062723c751e8b465ee728b)  -> (artifact id: 'b99237e80779cf7c1a5dd6169b504d12') in 0.048794 seconds 
  Import took 0.056566 seconds .

========================================================================
Received Prepare
Registering precompiled user dll's ...
Registered in 0.010231 seconds.
Begin MonoManager ReloadAssembly
Native extension for WindowsStandalone target not found
Refreshing native plugins compatible for Editor in 0.77 ms, found 2 plugins.
Preloading 0 native plugins for Editor in 0.00 ms.
Mono: successfully reloaded assembly
- Completed reload, in  2.330 seconds
Platform modules already initialized, skipping
Refreshing native plugins compatible for Editor in 0.79 ms, found 2 plugins.
Preloading 0 native plugins for Editor in 0.00 ms.
Unloading 1390 Unused Serialized files (Serialized files now loaded: 0)
System memory in use before: 68.8 MB.
System memory in use after: 68.9 MB.

Unloading 16 unused Assets to reduce memory usage. Loaded Objects now: 1884.
Total: 4.642200 ms (FindLiveObjects: 0.328600 ms CreateObjectMapping: 0.108800 ms MarkObjects: 4.027000 ms  DeleteObjects: 0.174400 ms)

AssetImportParameters requested are different than current active one (requested -> active):
  custom:framework-win-MediaFoundation: 216162199b28c13a410421893ffa2e32 -> 
  custom:video-decoder-ogg-theora: a1e56fd34408186e4bbccfd4996cb3dc -> 
  custom:container-muxer-webm: aa71ff27fc2769a1b78a27578f13a17b -> 
  custom:container-demuxer-webm: 4f35f7cbe854078d1ac9338744f61a02 -> 
  custom:container-demuxer-ogg: 62fdf1f143b41e24485cea50d1cbac27 -> 
  custom:video-encoder-webm-vp8: eb34c28f22e8b96e1ab97ce403110664 -> 
  custom:video-decoder-webm-vp8: 9c59270c3fd7afecdb556c50c9e8de78 -> 
  custom:audio-decoder-ogg-vorbis: bf7c407c2cedff20999df2af8eb42d56 -> 
  custom:audio-encoder-webm-vorbis: bf7c407c2cedff20999df2af8eb42d56 -> 
========================================================================
Received Import Request.
  Time since last request: 49.025276 seconds.
  path: Assets/Prefabs/Rocket.prefab
  artifactKey: Guid(82169fb5eac75114e9dae4d2dd916e6f) Importer(815301076,1909f56bfc062723c751e8b465ee728b)
Start importing Assets/Prefabs/Rocket.prefab using Guid(82169fb5eac75114e9dae4d2dd916e6f) Importer(815301076,1909f56bfc062723c751e8b465ee728b)  -> (artifact id: '58f8152adb0724ae3c364138c7103bdf') in 0.182920 seconds 
  Import took 0.190287 seconds .

========================================================================
Received Import Request.
  Time since last request: 0.004841 seconds.
  path: Assets/Prefabs/Rocket.prefab
  artifactKey: Guid(82169fb5eac75114e9dae4d2dd916e6f) Importer(815301076,1909f56bfc062723c751e8b465ee728b)
Start importing Assets/Prefabs/Rocket.prefab using Guid(82169fb5eac75114e9dae4d2dd916e6f) Importer(815301076,1909f56bfc062723c751e8b465ee728b)  -> (artifact id: '58f8152adb0724ae3c364138c7103bdf') in 0.042042 seconds 
  Import took 0.049652 seconds .

========================================================================
Received Prepare
Registering precompiled user dll's ...
Registered in 0.008948 seconds.
Begin MonoManager ReloadAssembly
Native extension for WindowsStandalone target not found
Refreshing native plugins compatible for Editor in 0.74 ms, found 2 plugins.
Preloading 0 native plugins for Editor in 0.00 ms.
Mono: successfully reloaded assembly
- Completed reload, in  2.284 seconds
Platform modules already initialized, skipping
Refreshing native plugins compatible for Editor in 1.16 ms, found 2 plugins.
Preloading 0 native plugins for Editor in 0.00 ms.
Unloading 1390 Unused Serialized files (Serialized files now loaded: 0)
System memory in use before: 68.8 MB.
System memory in use after: 68.9 MB.

Unloading 16 unused Assets to reduce memory usage. Loaded Objects now: 1888.
Total: 14.053700 ms (FindLiveObjects: 0.599800 ms CreateObjectMapping: 0.136400 ms MarkObjects: 11.542200 ms  DeleteObjects: 1.319000 ms)

AssetImportParameters requested are different than current active one (requested -> active):
  custom:framework-win-MediaFoundation: 216162199b28c13a410421893ffa2e32 -> 
  custom:video-decoder-ogg-theora: a1e56fd34408186e4bbccfd4996cb3dc -> 
  custom:container-muxer-webm: aa71ff27fc2769a1b78a27578f13a17b -> 
  custom:container-demuxer-webm: 4f35f7cbe854078d1ac9338744f61a02 -> 
  custom:container-demuxer-ogg: 62fdf1f143b41e24485cea50d1cbac27 -> 
  custom:video-encoder-webm-vp8: eb34c28f22e8b96e1ab97ce403110664 -> 
  custom:video-decoder-webm-vp8: 9c59270c3fd7afecdb556c50c9e8de78 -> 
  custom:audio-decoder-ogg-vorbis: bf7c407c2cedff20999df2af8eb42d56 -> 
  custom:audio-encoder-webm-vorbis: bf7c407c2cedff20999df2af8eb42d56 -> 
========================================================================
Received Prepare
Registering precompiled user dll's ...
Registered in 0.009378 seconds.
Begin MonoManager ReloadAssembly
Native extension for WindowsStandalone target not found
Refreshing native plugins compatible for Editor in 0.77 ms, found 2 plugins.
Preloading 0 native plugins for Editor in 0.00 ms.
Mono: successfully reloaded assembly
- Completed reload, in  2.339 seconds
Platform modules already initialized, skipping
Refreshing native plugins compatible for Editor in 0.73 ms, found 2 plugins.
Preloading 0 native plugins for Editor in 0.00 ms.
Unloading 1390 Unused Serialized files (Serialized files now loaded: 0)
System memory in use before: 68.8 MB.
System memory in use after: 68.9 MB.

Unloading 14 unused Assets to reduce memory usage. Loaded Objects now: 1891.
Total: 6.159600 ms (FindLiveObjects: 0.316600 ms CreateObjectMapping: 0.107400 ms MarkObjects: 5.580300 ms  DeleteObjects: 0.151700 ms)

AssetImportParameters requested are different than current active one (requested -> active):
  custom:framework-win-MediaFoundation: 216162199b28c13a410421893ffa2e32 -> 
  custom:video-decoder-ogg-theora: a1e56fd34408186e4bbccfd4996cb3dc -> 
  custom:container-muxer-webm: aa71ff27fc2769a1b78a27578f13a17b -> 
  custom:container-demuxer-webm: 4f35f7cbe854078d1ac9338744f61a02 -> 
  custom:container-demuxer-ogg: 62fdf1f143b41e24485cea50d1cbac27 -> 
  custom:video-encoder-webm-vp8: eb34c28f22e8b96e1ab97ce403110664 -> 
  custom:video-decoder-webm-vp8: 9c59270c3fd7afecdb556c50c9e8de78 -> 
  custom:audio-decoder-ogg-vorbis: bf7c407c2cedff20999df2af8eb42d56 -> 
  custom:audio-encoder-webm-vorbis: bf7c407c2cedff20999df2af8eb42d56 -> 
========================================================================
Received Import Request.
  Time since last request: 467.330456 seconds.
  path: Assets/Scripts/GameManager.cs
  artifactKey: Guid(468c57e1e1c074c4d84363a0af925bb9) Importer(815301076,1909f56bfc062723c751e8b465ee728b)
Start importing Assets/Scripts/GameManager.cs using Guid(468c57e1e1c074c4d84363a0af925bb9) Importer(815301076,1909f56bfc062723c751e8b465ee728b)  -> (artifact id: 'b6e92b7743b00a2221f90e631d1394ec') in 0.059421 seconds 
  Import took 0.069844 seconds .

========================================================================
Received Import Request.
  Time since last request: 49.075628 seconds.
  path: Assets/Scripts/ExplosionClear.cs
  artifactKey: Guid(81d36c0e497fb444d83bf7d8bd83a2c0) Importer(815301076,1909f56bfc062723c751e8b465ee728b)
Start importing Assets/Scripts/ExplosionClear.cs using Guid(81d36c0e497fb444d83bf7d8bd83a2c0) Importer(815301076,1909f56bfc062723c751e8b465ee728b)  -> (artifact id: '36c412d73039f0c82eded1f1e0d90f20') in 0.036307 seconds 
  Import took 0.060737 seconds .

========================================================================
Received Prepare
Registering precompiled user dll's ...
Registered in 0.012635 seconds.
Begin MonoManager ReloadAssembly
Native extension for WindowsStandalone target not found
Refreshing native plugins compatible for Editor in 0.97 ms, found 2 plugins.
Preloading 0 native plugins for Editor in 0.00 ms.
Mono: successfully reloaded assembly
- Completed reload, in  2.445 seconds
Platform modules already initialized, skipping
Refreshing native plugins compatible for Editor in 0.72 ms, found 2 plugins.
Preloading 0 native plugins for Editor in 0.00 ms.
Unloading 1391 Unused Serialized files (Serialized files now loaded: 0)
System memory in use before: 68.9 MB.
System memory in use after: 69.0 MB.

Unloading 14 unused Assets to reduce memory usage. Loaded Objects now: 1895.
Total: 5.188500 ms (FindLiveObjects: 0.330000 ms CreateObjectMapping: 0.106100 ms MarkObjects: 4.616500 ms  DeleteObjects: 0.132300 ms)

AssetImportParameters requested are different than current active one (requested -> active):
  custom:framework-win-MediaFoundation: 216162199b28c13a410421893ffa2e32 -> 
  custom:video-decoder-ogg-theora: a1e56fd34408186e4bbccfd4996cb3dc -> 
  custom:container-muxer-webm: aa71ff27fc2769a1b78a27578f13a17b -> 
  custom:container-demuxer-webm: 4f35f7cbe854078d1ac9338744f61a02 -> 
  custom:container-demuxer-ogg: 62fdf1f143b41e24485cea50d1cbac27 -> 
  custom:video-encoder-webm-vp8: eb34c28f22e8b96e1ab97ce403110664 -> 
  custom:video-decoder-webm-vp8: 9c59270c3fd7afecdb556c50c9e8de78 -> 
  custom:audio-decoder-ogg-vorbis: bf7c407c2cedff20999df2af8eb42d56 -> 
  custom:audio-encoder-webm-vorbis: bf7c407c2cedff20999df2af8eb42d56 -> 
========================================================================
Received Prepare
Registering precompiled user dll's ...
Registered in 0.008864 seconds.
Begin MonoManager ReloadAssembly
Native extension for WindowsStandalone target not found
Refreshing native plugins compatible for Editor in 0.73 ms, found 2 plugins.
Preloading 0 native plugins for Editor in 0.00 ms.
Mono: successfully reloaded assembly
- Completed reload, in  2.306 seconds
Platform modules already initialized, skipping
Refreshing native plugins compatible for Editor in 0.85 ms, found 2 plugins.
Preloading 0 native plugins for Editor in 0.00 ms.
Unloading 1391 Unused Serialized files (Serialized files now loaded: 0)
System memory in use before: 68.9 MB.
System memory in use after: 69.0 MB.

Unloading 14 unused Assets to reduce memory usage. Loaded Objects now: 1898.
Total: 4.791300 ms (FindLiveObjects: 0.361000 ms CreateObjectMapping: 0.107200 ms MarkObjects: 4.176300 ms  DeleteObjects: 0.143200 ms)

AssetImportParameters requested are different than current active one (requested -> active):
  custom:framework-win-MediaFoundation: 216162199b28c13a410421893ffa2e32 -> 
  custom:video-decoder-ogg-theora: a1e56fd34408186e4bbccfd4996cb3dc -> 
  custom:container-muxer-webm: aa71ff27fc2769a1b78a27578f13a17b -> 
  custom:container-demuxer-webm: 4f35f7cbe854078d1ac9338744f61a02 -> 
  custom:container-demuxer-ogg: 62fdf1f143b41e24485cea50d1cbac27 -> 
  custom:video-encoder-webm-vp8: eb34c28f22e8b96e1ab97ce403110664 -> 
  custom:video-decoder-webm-vp8: 9c59270c3fd7afecdb556c50c9e8de78 -> 
  custom:audio-decoder-ogg-vorbis: bf7c407c2cedff20999df2af8eb42d56 -> 
  custom:audio-encoder-webm-vorbis: bf7c407c2cedff20999df2af8eb42d56 -> 
========================================================================
Received Import Request.
  Time since last request: 282.275957 seconds.
  path: Assets/Scripts/ExplosionClear.cs
  artifactKey: Guid(81d36c0e497fb444d83bf7d8bd83a2c0) Importer(815301076,1909f56bfc062723c751e8b465ee728b)
Start importing Assets/Scripts/ExplosionClear.cs using Guid(81d36c0e497fb444d83bf7d8bd83a2c0) Importer(815301076,1909f56bfc062723c751e8b465ee728b)  -> (artifact id: 'ab1c6245d6f309f73641820f76952708') in 0.010290 seconds 
  Import took 0.015254 seconds .

========================================================================
Received Prepare
Registering precompiled user dll's ...
Registered in 0.011229 seconds.
Begin MonoManager ReloadAssembly
Native extension for WindowsStandalone target not found
Refreshing native plugins compatible for Editor in 0.75 ms, found 2 plugins.
Preloading 0 native plugins for Editor in 0.00 ms.
Mono: successfully reloaded assembly
- Completed reload, in  2.400 seconds
Platform modules already initialized, skipping
Refreshing native plugins compatible for Editor in 0.71 ms, found 2 plugins.
Preloading 0 native plugins for Editor in 0.00 ms.
Unloading 1391 Unused Serialized files (Serialized files now loaded: 0)
System memory in use before: 68.9 MB.
System memory in use after: 69.0 MB.

Unloading 14 unused Assets to reduce memory usage. Loaded Objects now: 1901.
Total: 4.783400 ms (FindLiveObjects: 0.315300 ms CreateObjectMapping: 0.107300 ms MarkObjects: 4.218300 ms  DeleteObjects: 0.138800 ms)

AssetImportParameters requested are different than current active one (requested -> active):
  custom:framework-win-MediaFoundation: 216162199b28c13a410421893ffa2e32 -> 
  custom:video-decoder-ogg-theora: a1e56fd34408186e4bbccfd4996cb3dc -> 
  custom:container-muxer-webm: aa71ff27fc2769a1b78a27578f13a17b -> 
  custom:container-demuxer-webm: 4f35f7cbe854078d1ac9338744f61a02 -> 
  custom:container-demuxer-ogg: 62fdf1f143b41e24485cea50d1cbac27 -> 
  custom:video-encoder-webm-vp8: eb34c28f22e8b96e1ab97ce403110664 -> 
  custom:video-decoder-webm-vp8: 9c59270c3fd7afecdb556c50c9e8de78 -> 
  custom:audio-decoder-ogg-vorbis: bf7c407c2cedff20999df2af8eb42d56 -> 
  custom:audio-encoder-webm-vorbis: bf7c407c2cedff20999df2af8eb42d56 -> 
========================================================================
Received Import Request.
  Time since last request: 117.519429 seconds.
  path: Assets/Prefabs/Explosion.prefab
  artifactKey: Guid(8401c7555d12e3d4f9adf5b5f0452061) Importer(815301076,1909f56bfc062723c751e8b465ee728b)
Start importing Assets/Prefabs/Explosion.prefab using Guid(8401c7555d12e3d4f9adf5b5f0452061) Importer(815301076,1909f56bfc062723c751e8b465ee728b)  -> (artifact id: '8a9e27d99357f0aa777ba1ff8786dcf6') in 0.061148 seconds 
  Import took 0.067641 seconds .

========================================================================
Received Import Request.
  Time since last request: 0.173923 seconds.
  path: Assets/TriggerExplosion.cs
  artifactKey: Guid(d4e120131adabcd458fb54f295da74b8) Importer(815301076,1909f56bfc062723c751e8b465ee728b)
Start importing Assets/TriggerExplosion.cs using Guid(d4e120131adabcd458fb54f295da74b8) Importer(815301076,1909f56bfc062723c751e8b465ee728b)  -> (artifact id: '2c5f5c16bfd0096c07f0eb0df4fa937f') in 0.017163 seconds 
  Import took 0.022019 seconds .

========================================================================
Received Import Request.
  Time since last request: 0.226182 seconds.
  path: Assets/Materials/Debris.mat
  artifactKey: Guid(da8a2c2620252eb44a698be3267f622a) Importer(815301076,1909f56bfc062723c751e8b465ee728b)
Start importing Assets/Materials/Debris.mat using Guid(da8a2c2620252eb44a698be3267f622a) Importer(815301076,1909f56bfc062723c751e8b465ee728b)  -> (artifact id: '9ce3171afaa41e20e3460c66dd15acb6') in 0.111979 seconds 
  Import took 0.116943 seconds .

AssetImportWorkerClient::OnTransportError - code=2 error=End of file
